2025-07-28 14:54:54,016 [INFO] Found Pylon KB: Ada  Knowledge Base (ID: 329a1051-e4f7-42fa-9b1b-697bf03739ca)
2025-07-28 14:54:54,347 [INFO] Retrieved 6 articles.
2025-07-28 14:54:54,348 [INFO] Creating Ada knowledge source with: {'id': '329a1051-e4f7-42fa-9b1b-697bf03739ca', 'name': 'Pylon (Ada  Knowledge Base)'}
2025-07-28 14:54:55,038 [INFO] Created Ada knowledge source: 329a1051-e4f7-42fa-9b1b-697bf03739ca
2025-07-28 14:54:55,049 [INFO] Uploading 6 articles to Ada.
2025-07-28 14:54:55,761 [INFO] Uploaded 6 articles to Ada.
2025-07-28 14:54:55,762 [INFO] Sync completed successfully.
2025-07-28 14:54:55,762 [INFO] To delete this source, run: python delete.py 329a1051-e4f7-42fa-9b1b-697bf03739ca
2025-07-28 15:11:19,026 [INFO] Found Pylon KB: Ada  Knowledge Base (ID: 329a1051-e4f7-42fa-9b1b-697bf03739ca)
2025-07-28 15:11:19,338 [INFO] Retrieved 6 articles.
2025-07-28 15:11:19,338 [INFO] Creating Ada knowledge source with: {'id': '329a1051-e4f7-42fa-9b1b-697bf03739ca', 'name': 'Pylon (Ada  Knowledge Base)'}
2025-07-28 15:11:19,965 [INFO] Created Ada knowledge source: 329a1051-e4f7-42fa-9b1b-697bf03739ca
2025-07-28 15:11:19,975 [INFO] Uploading 6 articles to Ada.
2025-07-28 15:11:20,556 [INFO] Uploaded 6 articles to Ada.
2025-07-28 15:11:20,557 [INFO] Sync completed successfully.
2025-07-28 15:11:20,557 [INFO] To delete this source, run: python delete.py 329a1051-e4f7-42fa-9b1b-697bf03739ca
2025-08-06 14:53:54,479 [INFO] Found Pylon KB: Ada  Knowledge Base (ID: 329a1051-e4f7-42fa-9b1b-697bf03739ca)
2025-08-06 14:53:54,807 [INFO] Retrieved 6 articles.
2025-08-06 14:53:54,810 [INFO] Creating Ada knowledge source with: {'id': '329a1051-e4f7-42fa-9b1b-697bf03739ca', 'name': 'Pylon (Ada  Knowledge Base)'}
2025-08-06 14:53:55,455 [INFO] Created Ada knowledge source: 329a1051-e4f7-42fa-9b1b-697bf03739ca
2025-08-06 14:53:55,469 [INFO] Uploading 6 articles to Ada.
2025-08-06 14:53:56,042 [INFO] Uploaded 6 articles to Ada.
2025-08-06 14:53:56,043 [INFO] Sync completed successfully.
2025-08-06 14:53:56,044 [INFO] To delete this source, run: python delete.py 329a1051-e4f7-42fa-9b1b-697bf03739ca
2025-08-06 14:56:31,404 [INFO] Found Pylon KB: Ada  Knowledge Base (ID: 329a1051-e4f7-42fa-9b1b-697bf03739ca)
2025-08-06 14:56:31,717 [INFO] Retrieved 6 articles.
2025-08-06 14:56:31,718 [INFO] Creating Ada knowledge source with: {'id': '329a1051-e4f7-42fa-9b1b-697bf03739ca', 'name': 'Pylon (Ada  Knowledge Base)'}
2025-08-06 14:56:32,700 [INFO] Created Ada knowledge source: 329a1051-e4f7-42fa-9b1b-697bf03739ca
2025-08-06 14:56:32,712 [INFO] Uploading 6 articles to Ada.
2025-08-06 14:56:33,522 [INFO] Uploaded 6 articles to Ada.
2025-08-06 14:56:33,523 [INFO] Sync completed successfully.
2025-08-06 14:56:33,524 [INFO] To delete this source, run: python delete.py 329a1051-e4f7-42fa-9b1b-697bf03739ca
2025-08-06 14:59:24,019 [INFO] Found Pylon KB: Ada  Knowledge Base (ID: 329a1051-e4f7-42fa-9b1b-697bf03739ca)
2025-08-06 14:59:24,342 [INFO] Retrieved 6 articles.
2025-08-06 14:59:24,343 [INFO] Creating Ada knowledge source with: {'id': '329a1051-e4f7-42fa-9b1b-697bf03739ca', 'name': 'Pylon (Ada  Knowledge Base)'}
2025-08-06 14:59:24,972 [INFO] Created Ada knowledge source: 329a1051-e4f7-42fa-9b1b-697bf03739ca
2025-08-06 14:59:24,982 [INFO] Uploading 6 articles to Ada.
2025-08-06 14:59:25,668 [INFO] Uploaded 6 articles to Ada.
2025-08-06 14:59:25,668 [INFO] Sync completed successfully.
2025-08-06 14:59:25,668 [INFO] To delete this source, run: python delete.py 329a1051-e4f7-42fa-9b1b-697bf03739ca
2025-08-08 03:02:54,549 [INFO] Found Pylon KB: Ada  Knowledge Base (ID: 329a1051-e4f7-42fa-9b1b-697bf03739ca)
2025-08-08 03:02:54,868 [INFO] Retrieved 6 articles.
2025-08-08 03:02:54,869 [INFO] Creating Ada knowledge source with: {'id': '329a1051-e4f7-42fa-9b1b-697bf03739ca', 'name': 'Pylon (Ada  Knowledge Base)'}
2025-08-08 03:02:55,452 [INFO] Created Ada knowledge source: 329a1051-e4f7-42fa-9b1b-697bf03739ca
2025-08-08 03:02:55,467 [INFO] Uploading 6 articles to Ada.
2025-08-08 03:02:56,609 [INFO] Uploaded 6 articles to Ada.
2025-08-08 03:02:56,610 [INFO] Sync completed successfully.
2025-08-08 03:02:56,610 [INFO] To delete this source, run: python delete.py 329a1051-e4f7-42fa-9b1b-697bf03739ca
2025-08-08 16:45:35,889 [INFO] Found Pylon KB: Ada  Knowledge Base (ID: 329a1051-e4f7-42fa-9b1b-697bf03739ca)
2025-08-08 16:45:36,263 [INFO] Retrieved 6 articles.
2025-08-08 16:45:36,266 [INFO] Creating Ada knowledge source with: {'id': '329a1051-e4f7-42fa-9b1b-697bf03739ca', 'name': 'Pylon (Ada  Knowledge Base)'}
2025-08-08 16:45:36,953 [INFO] Created Ada knowledge source: 329a1051-e4f7-42fa-9b1b-697bf03739ca
2025-08-08 16:45:36,966 [INFO] Uploading 6 articles to Ada.
2025-08-08 16:45:37,571 [INFO] Uploaded 6 articles to Ada.
2025-08-08 16:45:37,573 [INFO] Sync completed successfully.
2025-08-08 16:45:37,573 [INFO] To delete this source, run: python delete.py 329a1051-e4f7-42fa-9b1b-697bf03739ca
2025-08-08 16:48:03,457 [INFO] Found Pylon KB: Ada  Knowledge Base (ID: 329a1051-e4f7-42fa-9b1b-697bf03739ca)
2025-08-08 16:48:03,817 [INFO] Retrieved 6 articles.
2025-08-08 16:48:03,819 [INFO] Creating Ada knowledge source with: {'id': '329a1051-e4f7-42fa-9b1b-697bf03739ca', 'name': 'Pylon (Ada  Knowledge Base)'}
2025-08-08 16:48:04,884 [ERROR] Sync failed: 409 Client Error: Conflict for url: https://hasan-gen-test.ada.support/api/v2/knowledge/sources
2025-08-08 17:06:03,336 [INFO] Found Pylon KB: Ada  Knowledge Base (ID: 329a1051-e4f7-42fa-9b1b-697bf03739ca)
2025-08-08 17:06:03,693 [INFO] Retrieved 6 articles.
2025-08-08 17:06:03,695 [INFO] Creating Ada knowledge source with: {'id': '329a1051-e4f7-42fa-9b1b-697bf03739ca', 'name': 'Pylon (Ada  Knowledge Base)'}
2025-08-08 17:06:04,352 [INFO] Created Ada knowledge source: 329a1051-e4f7-42fa-9b1b-697bf03739ca
2025-08-08 17:06:04,366 [INFO] Uploading 6 articles to Ada.
2025-08-08 17:06:04,944 [INFO] Uploaded 6 articles to Ada.
2025-08-08 17:06:04,948 [INFO] Sync completed successfully.
2025-08-08 17:06:04,948 [INFO] To delete this source, run: python delete.py 329a1051-e4f7-42fa-9b1b-697bf03739ca
2025-08-08 17:20:33,254 [INFO] Found Pylon KB: Ada  Knowledge Base (ID: 329a1051-e4f7-42fa-9b1b-697bf03739ca)
2025-08-08 17:20:33,594 [INFO] Retrieved 6 articles.
2025-08-08 17:20:33,595 [INFO] Creating Ada knowledge source with: {'id': '329a1051-e4f7-42fa-9b1b-697bf03739ca', 'name': 'Pylon (Ada  Knowledge Base)'}
2025-08-08 17:20:34,314 [INFO] Created Ada knowledge source: 329a1051-e4f7-42fa-9b1b-697bf03739ca
2025-08-08 17:20:34,318 [INFO] Uploading 6 articles to Ada.
2025-08-08 17:20:35,381 [INFO] Uploaded 6 articles to Ada.
2025-08-08 17:20:35,385 [INFO] Sync completed successfully.
2025-08-08 17:20:35,385 [INFO] To delete this source, run: python delete.py 329a1051-e4f7-42fa-9b1b-697bf03739ca
2025-09-15 23:08:05,289 [INFO] Found Pylon KB: Ada  Knowledge Base (ID: 329a1051-e4f7-42fa-9b1b-697bf03739ca)
2025-09-15 23:08:05,661 [INFO] Retrieved 7 articles.
2025-09-15 23:08:05,666 [INFO] Creating Ada knowledge source with: {'id': '329a1051-e4f7-42fa-9b1b-697bf03739ca', 'name': 'Pylon (Ada  Knowledge Base)'}
2025-09-15 23:08:06,301 [INFO] Created Ada knowledge source: 329a1051-e4f7-42fa-9b1b-697bf03739ca
2025-09-15 23:08:06,316 [INFO] Uploading 7 articles to Ada.
2025-09-15 23:08:06,853 [ERROR] Sync failed: 400 Client Error: Bad Request for url: https://hasan-gen-test.ada.support/api/v2/knowledge/bulk/articles/
2025-09-15 23:11:58,913 [INFO] Found Pylon KB: Ada  Knowledge Base (ID: 329a1051-e4f7-42fa-9b1b-697bf03739ca)
2025-09-15 23:11:59,402 [INFO] Retrieved 7 articles.
2025-09-15 23:11:59,406 [INFO] Creating Ada knowledge source with: {'id': '329a1051-e4f7-42fa-9b1b-697bf03739ca', 'name': 'Pylon (Ada  Knowledge Base)'}
2025-09-15 23:12:00,326 [INFO] Created Ada knowledge source: 329a1051-e4f7-42fa-9b1b-697bf03739ca
2025-09-15 23:12:00,332 [INFO] Skipping article 'How to Setup Single Sign-On (SSO)' - empty content
2025-09-15 23:12:00,332 [INFO] Skipping article 'Why am I not receiving the password reset email?' - empty content
2025-09-15 23:12:00,340 [INFO] Uploading 5 articles to Ada.
2025-09-15 23:12:01,199 [INFO] Uploaded 5 articles to Ada.
2025-09-15 23:12:01,203 [INFO] Sync completed successfully.
2025-09-15 23:12:01,203 [INFO] To delete this source, run: python delete.py 329a1051-e4f7-42fa-9b1b-697bf03739ca https://hasan-gen-test.ada.support 541c89f8a25e9e97dbc74f291e38573e
